{
  "RSpec": {
    "coverage": {
      "/Users/john/Code/green-businesses/config/environment.rb": [
        null,
        null,
        null,
        1,
        null,
        1,
        null,
        null,
        1,
        null,
        1,
        1,
        null,
        1,
        1,
        1,
        null,
        1,
        1,
        null,
        1,
        null,
        1,
        null,
        1,
        null,
        1,
        1,
        null,
        1,
        1,
        null,
        null,
        1,
        null,
        null,
        null,
        2,
        1,
        null,
        null,
        1,
        null,
        null,
        1
      ],
      "/Users/john/Code/green-businesses/app/controllers/businesses_controller.rb": [
        1,
        1,
        null,
        null,
        1,
        4,
        4,
        1,
        null,
        3,
        null,
        null
      ],
      "/Users/john/Code/green-businesses/config/database.rb": [
        null,
        1,
        0,
        null,
        null,
        null,
        null,
        null,
        null,
        null,
        null,
        null,
        null,
        null,
        null,
        null,
        null,
        1,
        1,
        1,
        null,
        null,
        null,
        null,
        1,
        null,
        1,
        null,
        null,
        null,
        null,
        null,
        null,
        1,
        null,
        null,
        null,
        null,
        null,
        null,
        null,
        null
      ],
      "/Users/john/Code/green-businesses/app/models/business.rb": [
        1,
        1,
        7,
        4,
        4,
        4,
        null,
        null
      ],
      "/Users/john/Code/green-businesses/spec/businesses_controller_spec.rb": [
        1,
        null,
        1,
        1,
        1,
        1,
        1,
        null,
        null,
        null,
        1,
        5,
        null,
        1,
        1,
        1,
        null,
        null,
        1,
        1,
        1,
        null,
        null,
        1,
        1,
        1,
        null,
        null,
        1,
        1,
        1,
        null,
        null,
        null
      ]
    },
    "timestamp": 1398186263
  }
}
